This is pdfTeX, Version 3.14159265-2.6-1.40.18 (TeX Live 2017) (preloaded format=pdflatex 2017.5.23)  17 JUN 2017 12:00
entering extended mode
 restricted \write18 enabled.
 file:line:error style messages enabled.
 %&-line parsing enabled.
**FinalReport.tex
(./FinalReport.tex
LaTeX2e <2017-04-15>
Babel <3.10> and hyphenation patterns for 84 language(s) loaded.
(/usr/local/texlive/2017/texmf-dist/tex/latex/base/article.cls
Document Class: article 2014/09/29 v1.4h Standard LaTeX document class
(/usr/local/texlive/2017/texmf-dist/tex/latex/base/size12.clo
File: size12.clo 2014/09/29 v1.4h Standard LaTeX file (size option)
)
\c@part=\count79
\c@section=\count80
\c@subsection=\count81
\c@subsubsection=\count82
\c@paragraph=\count83
\c@subparagraph=\count84
\c@figure=\count85
\c@table=\count86
\abovecaptionskip=\skip41
\belowcaptionskip=\skip42
\bibindent=\dimen102
)
(/usr/local/texlive/2017/texmf-dist/tex/latex/hyperref/hyperref.sty
Package: hyperref 2017/03/14 v6.85a Hypertext links for LaTeX

(/usr/local/texlive/2017/texmf-dist/tex/generic/oberdiek/hobsub-hyperref.sty
Package: hobsub-hyperref 2016/05/16 v1.14 Bundle oberdiek, subset hyperref (HO)


(/usr/local/texlive/2017/texmf-dist/tex/generic/oberdiek/hobsub-generic.sty
Package: hobsub-generic 2016/05/16 v1.14 Bundle oberdiek, subset generic (HO)
Package: hobsub 2016/05/16 v1.14 Construct package bundles (HO)
Package: infwarerr 2016/05/16 v1.4 Providing info/warning/error messages (HO)
Package: ltxcmds 2016/05/16 v1.23 LaTeX kernel commands for general use (HO)
Package: ifluatex 2016/05/16 v1.4 Provides the ifluatex switch (HO)
Package ifluatex Info: LuaTeX not detected.
Package: ifvtex 2016/05/16 v1.6 Detect VTeX and its facilities (HO)
Package ifvtex Info: VTeX not detected.
Package: intcalc 2016/05/16 v1.2 Expandable calculations with integers (HO)
Package: ifpdf 2017/03/15 v3.2 Provides the ifpdf switch
Package: etexcmds 2016/05/16 v1.6 Avoid name clashes with e-TeX commands (HO)
Package etexcmds Info: Could not find \expanded.
(etexcmds)             That can mean that you are not using pdfTeX 1.50 or
(etexcmds)             that some package has redefined \expanded.
(etexcmds)             In the latter case, load this package earlier.
Package: kvsetkeys 2016/05/16 v1.17 Key value parser (HO)
Package: kvdefinekeys 2016/05/16 v1.4 Define keys (HO)
Package: pdftexcmds 2017/03/19 v0.25 Utility functions of pdfTeX for LuaTeX (HO
)
Package pdftexcmds Info: LuaTeX not detected.
Package pdftexcmds Info: \pdf@primitive is available.
Package pdftexcmds Info: \pdf@ifprimitive is available.
Package pdftexcmds Info: \pdfdraftmode found.
Package: pdfescape 2016/05/16 v1.14 Implements pdfTeX's escape features (HO)
Package: bigintcalc 2016/05/16 v1.4 Expandable calculations on big integers (HO
)
Package: bitset 2016/05/16 v1.2 Handle bit-vector datatype (HO)
Package: uniquecounter 2016/05/16 v1.3 Provide unlimited unique counter (HO)
)
Package hobsub Info: Skipping package `hobsub' (already loaded).
Package: letltxmacro 2016/05/16 v1.5 Let assignment for LaTeX macros (HO)
Package: hopatch 2016/05/16 v1.3 Wrapper for package hooks (HO)
Package: xcolor-patch 2016/05/16 xcolor patch
Package: atveryend 2016/05/16 v1.9 Hooks at the very end of document (HO)
Package atveryend Info: \enddocument detected (standard20110627).
Package: atbegshi 2016/06/09 v1.18 At begin shipout hook (HO)
Package: refcount 2016/05/16 v3.5 Data extraction from label references (HO)
Package: hycolor 2016/05/16 v1.8 Color options for hyperref/bookmark (HO)
)
(/usr/local/texlive/2017/texmf-dist/tex/latex/graphics/keyval.sty
Package: keyval 2014/10/28 v1.15 key=value parser (DPC)
\KV@toks@=\toks14
)
(/usr/local/texlive/2017/texmf-dist/tex/generic/ifxetex/ifxetex.sty
Package: ifxetex 2010/09/12 v0.6 Provides ifxetex conditional
)
(/usr/local/texlive/2017/texmf-dist/tex/latex/oberdiek/auxhook.sty
Package: auxhook 2016/05/16 v1.4 Hooks for auxiliary files (HO)
)
(/usr/local/texlive/2017/texmf-dist/tex/latex/oberdiek/kvoptions.sty
Package: kvoptions 2016/05/16 v3.12 Key value format for package options (HO)
)
\@linkdim=\dimen103
\Hy@linkcounter=\count87
\Hy@pagecounter=\count88

(/usr/local/texlive/2017/texmf-dist/tex/latex/hyperref/pd1enc.def
File: pd1enc.def 2017/03/14 v6.85a Hyperref: PDFDocEncoding definition (HO)
)
\Hy@SavedSpaceFactor=\count89

(/usr/local/texlive/2017/texmf-dist/tex/latex/latexconfig/hyperref.cfg
File: hyperref.cfg 2002/06/06 v1.2 hyperref configuration of TeXLive
)
Package hyperref Info: Hyper figures OFF on input line 4498.
Package hyperref Info: Link nesting OFF on input line 4503.
Package hyperref Info: Hyper index ON on input line 4506.
Package hyperref Info: Plain pages OFF on input line 4513.
Package hyperref Info: Backreferencing OFF on input line 4518.
Package hyperref Info: Implicit mode ON; LaTeX internals redefined.
Package hyperref Info: Bookmarks ON on input line 4751.
\c@Hy@tempcnt=\count90

(/usr/local/texlive/2017/texmf-dist/tex/latex/url/url.sty
\Urlmuskip=\muskip10
Package: url 2013/09/16  ver 3.4  Verb mode for urls, etc.
)
LaTeX Info: Redefining \url on input line 5104.
\XeTeXLinkMargin=\dimen104
\Fld@menulength=\count91
\Field@Width=\dimen105
\Fld@charsize=\dimen106
Package hyperref Info: Hyper figures OFF on input line 6358.
Package hyperref Info: Link nesting OFF on input line 6363.
Package hyperref Info: Hyper index ON on input line 6366.
Package hyperref Info: backreferencing OFF on input line 6373.
Package hyperref Info: Link coloring OFF on input line 6378.
Package hyperref Info: Link coloring with OCG OFF on input line 6383.
Package hyperref Info: PDF/A mode OFF on input line 6388.
LaTeX Info: Redefining \ref on input line 6428.
LaTeX Info: Redefining \pageref on input line 6432.
\Hy@abspage=\count92
\c@Item=\count93
\c@Hfootnote=\count94
)

Package hyperref Message: Driver (autodetected): hpdftex.

(/usr/local/texlive/2017/texmf-dist/tex/latex/hyperref/hpdftex.def
File: hpdftex.def 2017/03/14 v6.85a Hyperref driver for pdfTeX
\Fld@listcount=\count95
\c@bookmark@seq@number=\count96

(/usr/local/texlive/2017/texmf-dist/tex/latex/oberdiek/rerunfilecheck.sty
Package: rerunfilecheck 2016/05/16 v1.8 Rerun checks for auxiliary files (HO)
Package uniquecounter Info: New unique counter `rerunfilecheck' on input line 2
82.
)
\Hy@SectionHShift=\skip43
)
(/usr/local/texlive/2017/texmf-dist/tex/latex/geometry/geometry.sty
Package: geometry 2010/09/12 v5.6 Page Geometry
\Gm@cnth=\count97
\Gm@cntv=\count98
\c@Gm@tempcnt=\count99
\Gm@bindingoffset=\dimen107
\Gm@wd@mp=\dimen108
\Gm@odd@mp=\dimen109
\Gm@even@mp=\dimen110
\Gm@layoutwidth=\dimen111
\Gm@layoutheight=\dimen112
\Gm@layouthoffset=\dimen113
\Gm@layoutvoffset=\dimen114
\Gm@dimlist=\toks15
)
(/usr/local/texlive/2017/texmf-dist/tex/latex/titling/titling.sty
Package: titling 2009/09/04 v2.1d maketitle typesetting
\thanksmarkwidth=\skip44
\thanksmargin=\skip45
\droptitle=\skip46
)
(/usr/local/texlive/2017/texmf-dist/tex/latex/amsmath/amsmath.sty
Package: amsmath 2016/11/05 v2.16a AMS math features
\@mathmargin=\skip47

For additional information on amsmath, use the `?' option.
(/usr/local/texlive/2017/texmf-dist/tex/latex/amsmath/amstext.sty
Package: amstext 2000/06/29 v2.01 AMS text

(/usr/local/texlive/2017/texmf-dist/tex/latex/amsmath/amsgen.sty
File: amsgen.sty 1999/11/30 v2.0 generic functions
\@emptytoks=\toks16
\ex@=\dimen115
))
(/usr/local/texlive/2017/texmf-dist/tex/latex/amsmath/amsbsy.sty
Package: amsbsy 1999/11/29 v1.2d Bold Symbols
\pmbraise@=\dimen116
)
(/usr/local/texlive/2017/texmf-dist/tex/latex/amsmath/amsopn.sty
Package: amsopn 2016/03/08 v2.02 operator names
)
\inf@bad=\count100
LaTeX Info: Redefining \frac on input line 213.
\uproot@=\count101
\leftroot@=\count102
LaTeX Info: Redefining \overline on input line 375.
\classnum@=\count103
\DOTSCASE@=\count104
LaTeX Info: Redefining \ldots on input line 472.
LaTeX Info: Redefining \dots on input line 475.
LaTeX Info: Redefining \cdots on input line 596.
\Mathstrutbox@=\box26
\strutbox@=\box27
\big@size=\dimen117
LaTeX Font Info:    Redeclaring font encoding OML on input line 712.
LaTeX Font Info:    Redeclaring font encoding OMS on input line 713.
\macc@depth=\count105
\c@MaxMatrixCols=\count106
\dotsspace@=\muskip11
\c@parentequation=\count107
\dspbrk@lvl=\count108
\tag@help=\toks17
\row@=\count109
\column@=\count110
\maxfields@=\count111
\andhelp@=\toks18
\eqnshift@=\dimen118
\alignsep@=\dimen119
\tagshift@=\dimen120
\tagwidth@=\dimen121
\totwidth@=\dimen122
\lineht@=\dimen123
\@envbody=\toks19
\multlinegap=\skip48
\multlinetaggap=\skip49
\mathdisplay@stack=\toks20
LaTeX Info: Redefining \[ on input line 2817.
LaTeX Info: Redefining \] on input line 2818.
)
(/usr/local/texlive/2017/texmf-dist/tex/latex/amsfonts/amssymb.sty
Package: amssymb 2013/01/14 v3.01 AMS font symbols

(/usr/local/texlive/2017/texmf-dist/tex/latex/amsfonts/amsfonts.sty
Package: amsfonts 2013/01/14 v3.01 Basic AMSFonts support
\symAMSa=\mathgroup4
\symAMSb=\mathgroup5
LaTeX Font Info:    Overwriting math alphabet `\mathfrak' in version `bold'
(Font)                  U/euf/m/n --> U/euf/b/n on input line 106.
))
(/usr/local/texlive/2017/texmf-dist/tex/latex/graphics/graphicx.sty
Package: graphicx 2017/06/01 v1.1a Enhanced LaTeX Graphics (DPC,SPQR)

(/usr/local/texlive/2017/texmf-dist/tex/latex/graphics/graphics.sty
Package: graphics 2017/06/13 v1.2b Standard LaTeX Graphics (DPC,SPQR)

(/usr/local/texlive/2017/texmf-dist/tex/latex/graphics/trig.sty
Package: trig 2016/01/03 v1.10 sin cos tan (DPC)
)
(/usr/local/texlive/2017/texmf-dist/tex/latex/graphics-cfg/graphics.cfg
File: graphics.cfg 2016/06/04 v1.11 sample graphics configuration
)
Package graphics Info: Driver file: pdftex.def on input line 99.

(/usr/local/texlive/2017/texmf-dist/tex/latex/graphics-def/pdftex.def
File: pdftex.def 2017/06/12 v1.0b Graphics/color driver for pdftex
))
\Gin@req@height=\dimen124
\Gin@req@width=\dimen125
)
(/usr/local/texlive/2017/texmf-dist/tex/latex/setspace/setspace.sty
Package: setspace 2011/12/19 v6.7a set line spacing
)
(/usr/local/texlive/2017/texmf-dist/tex/latex/pslatex/pslatex.sty
Package: pslatex 1996/07/24 v1.2 pslatex emulation (DPC)
LaTeX Font Info:    Redeclaring symbol font `operators' on input line 65.
LaTeX Font Info:    Overwriting symbol font `operators' in version `normal'
(Font)                  OT1/cmr/m/n --> OT1/ptmcm/m/n on input line 65.
LaTeX Font Info:    Overwriting symbol font `operators' in version `bold'
(Font)                  OT1/cmr/bx/n --> OT1/ptmcm/m/n on input line 65.
LaTeX Font Info:    Redeclaring symbol font `letters' on input line 66.
LaTeX Font Info:    Overwriting symbol font `letters' in version `normal'
(Font)                  OML/cmm/m/it --> OML/ptmcm/m/it on input line 66.
LaTeX Font Info:    Overwriting symbol font `letters' in version `bold'
(Font)                  OML/cmm/b/it --> OML/ptmcm/m/it on input line 66.
LaTeX Font Info:    Redeclaring symbol font `symbols' on input line 67.
LaTeX Font Info:    Overwriting symbol font `symbols' in version `normal'
(Font)                  OMS/cmsy/m/n --> OMS/pzccm/m/n on input line 67.
LaTeX Font Info:    Overwriting symbol font `symbols' in version `bold'
(Font)                  OMS/cmsy/b/n --> OMS/pzccm/m/n on input line 67.
LaTeX Font Info:    Redeclaring symbol font `largesymbols' on input line 68.
LaTeX Font Info:    Overwriting symbol font `largesymbols' in version `normal'
(Font)                  OMX/cmex/m/n --> OMX/psycm/m/n on input line 68.
LaTeX Font Info:    Overwriting symbol font `largesymbols' in version `bold'
(Font)                  OMX/cmex/m/n --> OMX/psycm/m/n on input line 68.
\symbold=\mathgroup6
\symitalic=\mathgroup7
LaTeX Font Info:    Redeclaring math alphabet \mathbf on input line 74.
LaTeX Font Info:    Overwriting math alphabet `\mathbf' in version `normal'
(Font)                  OT1/cmr/bx/n --> OT1/ptm/bx/n on input line 74.
LaTeX Font Info:    Overwriting math alphabet `\mathbf' in version `bold'
(Font)                  OT1/cmr/bx/n --> OT1/ptm/bx/n on input line 74.
LaTeX Font Info:    Redeclaring math alphabet \mathit on input line 75.
LaTeX Font Info:    Overwriting math alphabet `\mathit' in version `normal'
(Font)                  OT1/cmr/m/it --> OT1/ptm/m/it on input line 75.
LaTeX Font Info:    Overwriting math alphabet `\mathit' in version `bold'
(Font)                  OT1/cmr/bx/it --> OT1/ptm/m/it on input line 75.
)
(/usr/local/texlive/2017/texmf-dist/tex/latex/titlesec/titletoc.sty
Package: titletoc 2011/12/15 v1.6 TOC entries
\ttl@leftsep=\dimen126
)
(/usr/local/texlive/2017/texmf-dist/tex/latex/tocloft/tocloft.sty
Package: tocloft 2013/05/02 v2.3f parameterised ToC, etc., typesetting
Package tocloft Info: The document has section divisions on input line 44.
\cftparskip=\skip50
\cftbeforetoctitleskip=\skip51
\cftaftertoctitleskip=\skip52
\cftbeforepartskip=\skip53
\cftpartnumwidth=\skip54
\cftpartindent=\skip55
\cftbeforesecskip=\skip56
\cftsecindent=\skip57
\cftsecnumwidth=\skip58
\cftbeforesubsecskip=\skip59
\cftsubsecindent=\skip60
\cftsubsecnumwidth=\skip61
\cftbeforesubsubsecskip=\skip62
\cftsubsubsecindent=\skip63
\cftsubsubsecnumwidth=\skip64
\cftbeforeparaskip=\skip65
\cftparaindent=\skip66
\cftparanumwidth=\skip67
\cftbeforesubparaskip=\skip68
\cftsubparaindent=\skip69
\cftsubparanumwidth=\skip70
\cftbeforeloftitleskip=\skip71
\cftafterloftitleskip=\skip72
\cftbeforefigskip=\skip73
\cftfigindent=\skip74
\cftfignumwidth=\skip75
\c@lofdepth=\count112
\c@lotdepth=\count113
\cftbeforelottitleskip=\skip76
\cftafterlottitleskip=\skip77
\cftbeforetabskip=\skip78
\cfttabindent=\skip79
\cfttabnumwidth=\skip80
)
(/usr/local/texlive/2017/texmf-dist/tex/latex/soul/soul.sty
Package: soul 2003/11/17 v2.4 letterspacing/underlining (mf)
\SOUL@word=\toks21
\SOUL@lasttoken=\toks22
\SOUL@cmds=\toks23
\SOUL@buffer=\toks24
\SOUL@token=\toks25
\SOUL@spaceskip=\skip81
\SOUL@ttwidth=\dimen127
\SOUL@uldp=\dimen128
\SOUL@ulht=\dimen129
)
(/usr/local/texlive/2017/texmf-dist/tex/latex/multirow/multirow.sty
Package: multirow 2016/11/25 v2.2 Span multiple rows of a table
\multirow@colwidth=\skip82
\multirow@cntb=\count114
\multirow@dima=\skip83
\bigstrutjot=\dimen130
)
(/usr/local/texlive/2017/texmf-dist/tex/latex/tools/hhline.sty
Package: hhline 2014/10/28 v2.03 Table rule package (DPC)
)
(/usr/local/texlive/2017/texmf-dist/tex/latex/tools/array.sty
Package: array 2016/10/06 v2.4d Tabular extension package (FMi)
\col@sep=\dimen131
\extrarowheight=\dimen132
\NC@list=\toks26
\extratabsurround=\skip84
\backup@length=\skip85
)
(/usr/local/texlive/2017/texmf-dist/tex/latex/pdfpages/pdfpages.sty
Package: pdfpages 2017/01/14 v0.5h Insert pages of external PDF documents (AM)

(/usr/local/texlive/2017/texmf-dist/tex/latex/base/ifthen.sty
Package: ifthen 2014/09/29 v1.1c Standard LaTeX ifthen package (DPC)
)
(/usr/local/texlive/2017/texmf-dist/tex/latex/tools/calc.sty
Package: calc 2014/10/28 v4.3 Infix arithmetic (KKT,FJ)
\calc@Acount=\count115
\calc@Bcount=\count116
\calc@Adimen=\dimen133
\calc@Bdimen=\dimen134
\calc@Askip=\skip86
\calc@Bskip=\skip87
LaTeX Info: Redefining \setlength on input line 80.
LaTeX Info: Redefining \addtolength on input line 81.
\calc@Ccount=\count117
\calc@Cskip=\skip88
)
(/usr/local/texlive/2017/texmf-dist/tex/latex/eso-pic/eso-pic.sty
Package: eso-pic 2015/07/21 v2.0g eso-pic (RN)

(/usr/local/texlive/2017/texmf-dist/tex/latex/xcolor/xcolor.sty
Package: xcolor 2016/05/11 v2.12 LaTeX color extensions (UK)

(/usr/local/texlive/2017/texmf-dist/tex/latex/graphics-cfg/color.cfg
File: color.cfg 2016/01/02 v1.6 sample color configuration
)
Package xcolor Info: Driver file: pdftex.def on input line 225.
Package xcolor Info: Model `cmy' substituted by `cmy0' on input line 1348.
Package xcolor Info: Model `hsb' substituted by `rgb' on input line 1352.
Package xcolor Info: Model `RGB' extended on input line 1364.
Package xcolor Info: Model `HTML' substituted by `rgb' on input line 1366.
Package xcolor Info: Model `Hsb' substituted by `hsb' on input line 1367.
Package xcolor Info: Model `tHsb' substituted by `hsb' on input line 1368.
Package xcolor Info: Model `HSB' substituted by `hsb' on input line 1369.
Package xcolor Info: Model `Gray' substituted by `gray' on input line 1370.
Package xcolor Info: Model `wave' substituted by `hsb' on input line 1371.
))
\AM@pagewidth=\dimen135
\AM@pageheight=\dimen136

(/usr/local/texlive/2017/texmf-dist/tex/latex/pdfpages/pppdftex.def
File: pppdftex.def 2017/01/14 v0.5h Pdfpages driver for pdfTeX (AM)
)
\AM@pagebox=\box28
\AM@global@opts=\toks27
\AM@toc@title=\toks28
\c@AM@survey=\count118
\AM@templatesizebox=\box29
)
(/usr/local/texlive/2017/texmf-dist/tex/latex/appendix/appendix.sty
Package: appendix 2009/09/02 v1.2b extra appendix facilities
\c@@pps=\count119
\c@@ppsavesec=\count120
\c@@ppsaveapp=\count121
)
(/usr/local/texlive/2017/texmf-dist/tex/latex/caption/caption.sty
Package: caption 2016/02/21 v3.3-144 Customizing captions (AR)

(/usr/local/texlive/2017/texmf-dist/tex/latex/caption/caption3.sty
Package: caption3 2016/05/22 v1.7-166 caption3 kernel (AR)
Package caption3 Info: TeX engine: e-TeX on input line 67.
\captionmargin=\dimen137
\captionmargin@=\dimen138
\captionwidth=\dimen139
\caption@tempdima=\dimen140
\caption@indent=\dimen141
\caption@parindent=\dimen142
\caption@hangindent=\dimen143
)
\c@ContinuedFloat=\count122
Package caption Info: hyperref package is loaded.
)
(/usr/local/texlive/2017/texmf-dist/tex/latex/hyphenat/hyphenat.sty
Package: hyphenat 2009/09/02 v2.3c hyphenation utilities
\langwohyphens=\language84
LaTeX Info: Redefining \_ on input line 43.
)
(./FinalReport.aux

LaTeX Warning: Label `rigidControllableC' multiply defined.


LaTeX Warning: Label `flexibleControllableC' multiply defined.


LaTeX Warning: Label `CubicResponseStateFeedback' multiply defined.

)
\openout1 = `FinalReport.aux'.

LaTeX Font Info:    Checking defaults for OML/cmm/m/it on input line 43.
LaTeX Font Info:    ... okay on input line 43.
LaTeX Font Info:    Checking defaults for T1/cmr/m/n on input line 43.
LaTeX Font Info:    ... okay on input line 43.
LaTeX Font Info:    Checking defaults for OT1/cmr/m/n on input line 43.
LaTeX Font Info:    ... okay on input line 43.
LaTeX Font Info:    Checking defaults for OMS/pzccm/m/n on input line 43.
LaTeX Font Info:    Try loading font information for OMS+pzccm on input line 43
.
 (/usr/local/texlive/2017/texmf-dist/tex/latex/psnfss/omspzccm.fd
File: omspzccm.fd 2000/01/03 Fontinst v1.801 font definitions for OMS/pzccm.
)
LaTeX Font Info:    ... okay on input line 43.
LaTeX Font Info:    Checking defaults for OMX/cmex/m/n on input line 43.
LaTeX Font Info:    ... okay on input line 43.
LaTeX Font Info:    Checking defaults for U/cmr/m/n on input line 43.
LaTeX Font Info:    ... okay on input line 43.
LaTeX Font Info:    Checking defaults for PD1/pdf/m/n on input line 43.
LaTeX Font Info:    ... okay on input line 43.
\AtBeginShipoutBox=\box30
Package hyperref Info: Link coloring OFF on input line 43.

(/usr/local/texlive/2017/texmf-dist/tex/latex/hyperref/nameref.sty
Package: nameref 2016/05/21 v2.44 Cross-referencing by name of section

(/usr/local/texlive/2017/texmf-dist/tex/generic/oberdiek/gettitlestring.sty
Package: gettitlestring 2016/05/16 v1.5 Cleanup title references (HO)
)
\c@section@level=\count123
)
LaTeX Info: Redefining \ref on input line 43.
LaTeX Info: Redefining \pageref on input line 43.
LaTeX Info: Redefining \nameref on input line 43.

(./FinalReport.out) (./FinalReport.out)
\@outlinefile=\write3
\openout3 = `FinalReport.out'.


*geometry* driver: auto-detecting
*geometry* detected driver: pdftex
*geometry* verbose mode - [ preamble ] result:
* driver: pdftex
* paper: a4paper
* layout: <same size as paper>
* layoutoffset:(h,v)=(0.0pt,0.0pt)
* modes: 
* h-part:(L,W,R)=(79.49744pt, 438.513pt, 79.49744pt)
* v-part:(T,H,B)=(79.49744pt, 686.05197pt, 79.49744pt)
* \paperwidth=597.50787pt
* \paperheight=845.04684pt
* \textwidth=438.513pt
* \textheight=686.05197pt
* \oddsidemargin=7.22745pt
* \evensidemargin=7.22745pt
* \topmargin=-29.77255pt
* \headheight=12.0pt
* \headsep=25.0pt
* \topskip=12.0pt
* \footskip=30.0pt
* \marginparwidth=35.0pt
* \marginparsep=10.0pt
* \columnsep=10.0pt
* \skip\footins=10.8pt plus 4.0pt minus 2.0pt
* \hoffset=0.0pt
* \voffset=0.0pt
* \mag=1000
* \@twocolumnfalse
* \@twosidefalse
* \@mparswitchfalse
* \@reversemarginfalse
* (1in=72.27pt=25.4mm, 1cm=28.453pt)

(/usr/local/texlive/2017/texmf-dist/tex/context/base/mkii/supp-pdf.mkii
[Loading MPS to PDF converter (version 2006.09.02).]
\scratchcounter=\count124
\scratchdimen=\dimen144
\scratchbox=\box31
\nofMPsegments=\count125
\nofMParguments=\count126
\everyMPshowfont=\toks29
\MPscratchCnt=\count127
\MPscratchDim=\dimen145
\MPnumerator=\count128
\makeMPintoPDFobject=\count129
\everyMPtoPDFconversion=\toks30
) (/usr/local/texlive/2017/texmf-dist/tex/latex/oberdiek/epstopdf-base.sty
Package: epstopdf-base 2016/05/15 v2.6 Base part for package epstopdf

(/usr/local/texlive/2017/texmf-dist/tex/latex/oberdiek/grfext.sty
Package: grfext 2016/05/16 v1.2 Manage graphics extensions (HO)
)
Package epstopdf-base Info: Redefining graphics rule for `.eps' on input line 4
38.
Package grfext Info: Graphics extension search list:
(grfext)             [.pdf,.png,.jpg,.mps,.jpeg,.jbig2,.jb2,.PDF,.PNG,.JPG,.JPE
G,.JBIG2,.JB2 ,.eps]
(grfext)             \AppendGraphicsExtensions on input line 456.

(/usr/local/texlive/2017/texmf-dist/tex/latex/latexconfig/epstopdf-sys.cfg
File: epstopdf-sys.cfg 2010/07/13 v1.3 Configuration of (r)epstopdf for TeX Liv
e
))
(/usr/local/texlive/2017/texmf-dist/tex/latex/oberdiek/pdflscape.sty
Package: pdflscape 2016/05/14 v0.11 Display of landscape pages in PDF (HO)

(/usr/local/texlive/2017/texmf-dist/tex/latex/graphics/lscape.sty
Package: lscape 2000/10/22 v3.01 Landscape Pages (DPC)
)
Package pdflscape Info: Auto-detected driver: pdftex on input line 81.
)
Package caption Info: Begin \AtBeginDocument code.
Package caption Info: End \AtBeginDocument code.
LaTeX Font Info:    Try loading font information for OT1+ptmcm on input line 65
.

(/usr/local/texlive/2017/texmf-dist/tex/latex/psnfss/ot1ptmcm.fd
File: ot1ptmcm.fd 2000/01/03 Fontinst v1.801 font definitions for OT1/ptmcm.
)
LaTeX Font Info:    Try loading font information for OML+ptmcm on input line 65
.

(/usr/local/texlive/2017/texmf-dist/tex/latex/psnfss/omlptmcm.fd
File: omlptmcm.fd 2000/01/03 Fontinst v1.801 font definitions for OML/ptmcm.
)
LaTeX Font Info:    Try loading font information for OMX+psycm on input line 65
.

(/usr/local/texlive/2017/texmf-dist/tex/latex/psnfss/omxpsycm.fd
File: omxpsycm.fd 2000/01/03 Fontinst v1.801 font definitions for OMX/psycm.
)
LaTeX Font Info:    Try loading font information for U+msa on input line 65.

(/usr/local/texlive/2017/texmf-dist/tex/latex/amsfonts/umsa.fd
File: umsa.fd 2013/01/14 v3.01 AMS symbols A
)
LaTeX Font Info:    Try loading font information for U+msb on input line 65.

(/usr/local/texlive/2017/texmf-dist/tex/latex/amsfonts/umsb.fd
File: umsb.fd 2013/01/14 v3.01 AMS symbols B
)
LaTeX Font Info:    Font shape `OT1/ptm/bx/n' in size <14.4> not available
(Font)              Font shape `OT1/ptm/b/n' tried instead on input line 65.
LaTeX Font Info:    Font shape `OT1/ptm/bx/n' in size <10.95> not available
(Font)              Font shape `OT1/ptm/b/n' tried instead on input line 65.
LaTeX Font Info:    Font shape `OT1/ptm/bx/n' in size <8> not available
(Font)              Font shape `OT1/ptm/b/n' tried instead on input line 65.
 [1


{/usr/local/texlive/2017/texmf-var/fonts/map/pdftex/updmap/pdftex.map}]
LaTeX Font Info:    Font shape `OT1/ptm/bx/n' in size <17.28> not available
(Font)              Font shape `OT1/ptm/b/n' tried instead on input line 73.
 (./FinalReport.toc
LaTeX Font Info:    Font shape `OT1/ptm/bx/n' in size <12> not available
(Font)              Font shape `OT1/ptm/b/n' tried instead on input line 4.
LaTeX Font Info:    Font shape `OT1/ptm/bx/n' in size <9> not available
(Font)              Font shape `OT1/ptm/b/n' tried instead on input line 4.
LaTeX Font Info:    Font shape `OT1/ptm/bx/n' in size <7> not available
(Font)              Font shape `OT1/ptm/b/n' tried instead on input line 4.
pdfTeX warning (ext4): destination with the same identifier (name{page.1}) has 
been already used, duplicate ignored
<to be read again> 
                   \relax 
l.45 ...igid body model}{32}{subsubsection.11.3.1}
                                                   [1])
\tf@toc=\write4
\openout4 = `FinalReport.toc'.

 [2] (./FinalReport.lof
[3

]
Overfull \hbox (2.25533pt too wide) in paragraph at lines 42--42
 [][] [][]\OT1/ptm/m/n/12 Sinusoidal wave re-sponse of full-order es-ti-ma-tor 
to-gether with state feed-back 
 []


Overfull \hbox (2.25533pt too wide) in paragraph at lines 44--44
 [][] [][]\OT1/ptm/m/n/12 Sinusoidal wave re-sponse of full-order es-ti-ma-tor 
to-gether with state feed-back 
 []


Overfull \hbox (18.62323pt too wide) in paragraph at lines 45--45
 [][] [][]\OT1/ptm/m/n/12 Step re-sponse of reduced-order es-ti-ma-tor to-gethe
r with state feed-back con-troller, 
 []


Overfull \hbox (18.62323pt too wide) in paragraph at lines 47--47
 [][] [][]\OT1/ptm/m/n/12 Step re-sponse of reduced-order es-ti-ma-tor to-gethe
r with state feed-back con-troller, 
 []

)
\tf@lof=\write5
\openout5 = `FinalReport.lof'.

 (./FinalReport.lot)
\tf@lot=\write6
\openout6 = `FinalReport.lot'.

 [4]
<RigidBody.png, id=407, 400.49625pt x 327.2225pt>
File: RigidBody.png Graphic file (type png)
<use RigidBody.png>
Package pdftex.def Info: RigidBody.png  used on input line 101. on input line 1
01.
Package pdftex.def Info: Requested size: 280.34546pt x 229.05418pt on input lin
e 101.
pdfTeX warning (ext4): destination with the same identifier (name{page.1}) has 
been already used, duplicate ignored
<to be read again> 
                   \relax 
l.154 T
       he output equation is [1

 <./RigidBody.png>]
<Dynamics.png, id=424, 344.28625pt x 266.9975pt>
File: Dynamics.png Graphic file (type png)
<use Dynamics.png>
Package pdftex.def Info: Dynamics.png  used on input line 171. on input line 17
1.
Package pdftex.def Info: Requested size: 240.99872pt x 186.89696pt on input lin
e 171.
pdfTeX warning (ext4): destination with the same identifier (name{page.2}) has 
been already used, duplicate ignored
<to be read again> 
                   \relax 
l.233 T
       he output equation is [2 <./Dynamics.png>]
Overfull \hbox (8.87964pt too wide) in paragraph at lines 274--274
[]\OT1/ptm/b/n/17.28 Obtain the con-trol-lable, ob-serv-able, and Jor-dan canon
-i-cal
 []

pdfTeX warning (ext4): destination with the same identifier (name{page.3}) has 
been already used, duplicate ignored
<to be read again> 
                   \relax 
l.283 \end{equation}
                     [3]
<Controllable4RigidBody.pdf, id=448, pagebox=cropbox, 150.79938pt x 32.07182pt>

File: Controllable4RigidBody.pdf Graphic file (type pdf)
<use Controllable4RigidBody.pdf>
Package pdftex.def Info: Controllable4RigidBody.pdf  used on input line 294. on
 input line 294.
Package pdftex.def Info: Requested size: 226.19849pt x 48.10759pt on input line
 294.
pdfTeX warning (ext4): destination with the same identifier (name{page.4}) has 
been already used, duplicate ignored
<to be read again> 
                   \relax 
l.352 \end{equation}
                     [4 <./Controllable4RigidBody.pdf>]
<Observer4RigidBody.pdf, id=508, pagebox=cropbox, 236.56783pt x 85.1722pt>
File: Observer4RigidBody.pdf Graphic file (type pdf)
<use Observer4RigidBody.pdf>
Package pdftex.def Info: Observer4RigidBody.pdf  used on input line 366. on inp
ut line 366.
Package pdftex.def Info: Requested size: 354.85085pt x 127.75795pt on input lin
e 366.

Overfull \hbox (1.05272pt too wide) in paragraph at lines 384--385
[]\OT1/ptm/m/n/12 Now the ob-serv-able canon-i-cal form can be con-structed fro
m equa-tion []24[] and equa-tion []25[]. 
 []

[5 <./Observer4RigidBody.pdf>]
<ControllableStateDiagram.pdf, id=565, pagebox=cropbox, 167.2639pt x 28.25255pt
>
File: ControllableStateDiagram.pdf Graphic file (type pdf)
<use ControllableStateDiagram.pdf>
Package pdftex.def Info: ControllableStateDiagram.pdf  used on input line 484. 
on input line 484.
Package pdftex.def Info: Requested size: 250.89523pt x 42.37871pt on input line
 484.
 [6]
Overfull \hbox (19.41972pt too wide) in paragraph at lines 559--561
  \OT1/ptm/m/n/12 From fig-ure []5[], the open-loop trans-fer func-tion can be 
writ-ten as $\OML/ptmcm/m/it/12 D[]\OT1/ptmcm/m/n/12 (\OML/ptmcm/m/it/12 s\OT1/
ptmcm/m/n/12 )\OML/ptmcm/m/it/12 ^^R[]\OT1/ptmcm/m/n/12 (\OML/ptmcm/m/it/12 s\O
T1/ptmcm/m/n/12 ) = []\OML/ptmcm/m/it/12 T[]\OT1/ptmcm/m/n/12 (\OML/ptmcm/m/it/
12 s\OT1/ptmcm/m/n/12 )$\OT1/ptm/m/n/12 .
 []

[7 <./ControllableStateDiagram.pdf>]
<ObserverStateDiagram.pdf, id=627, pagebox=cropbox, 407.2846pt x 107.93423pt>
File: ObserverStateDiagram.pdf Graphic file (type pdf)
<use ObserverStateDiagram.pdf>
Package pdftex.def Info: ObserverStateDiagram.pdf  used on input line 575. on i
nput line 575.
Package pdftex.def Info: Requested size: 407.28362pt x 107.93396pt on input lin
e 575.
 [8 <./ObserverStateDiagram.pdf>]
<ImpulseResponseNoControl.png, id=667, 562.1pt x 421.575pt>
File: ImpulseResponseNoControl.png Graphic file (type png)
<use ImpulseResponseNoControl.png>
Package pdftex.def Info: ImpulseResponseNoControl.png  used on input line 693. 
on input line 693.
Package pdftex.def Info: Requested size: 337.2626pt x 252.94695pt on input line
 693.
 [9]
<StepResponseNoControl.png, id=678, 562.1pt x 421.575pt>
File: StepResponseNoControl.png Graphic file (type png)
<use StepResponseNoControl.png>
Package pdftex.def Info: StepResponseNoControl.png  used on input line 701. on 
input line 701.
Package pdftex.def Info: Requested size: 337.2626pt x 252.94695pt on input line
 701.
<FlexibleImpulseResponseNoControl.png, id=679, 562.1pt x 421.575pt>
File: FlexibleImpulseResponseNoControl.png Graphic file (type png)
<use FlexibleImpulseResponseNoControl.png>
Package pdftex.def Info: FlexibleImpulseResponseNoControl.png  used on input li
ne 712. on input line 712.
Package pdftex.def Info: Requested size: 337.2626pt x 252.94695pt on input line
 712.

[10 <./ImpulseResponseNoControl.png (PNG copy)> <./StepResponseNoControl.png (P
NG copy)>]
<FlexibleStepResponseNoControl.png, id=684, 562.1pt x 421.575pt>
File: FlexibleStepResponseNoControl.png Graphic file (type png)
<use FlexibleStepResponseNoControl.png>
Package pdftex.def Info: FlexibleStepResponseNoControl.png  used on input line 
720. on input line 720.
Package pdftex.def Info: Requested size: 337.2626pt x 252.94695pt on input line
 720.
<LabImpulseResponseNoControl.png, id=685, 562.1pt x 421.575pt>
File: LabImpulseResponseNoControl.png Graphic file (type png)
<use LabImpulseResponseNoControl.png>
Package pdftex.def Info: LabImpulseResponseNoControl.png  used on input line 73
0. on input line 730.
Package pdftex.def Info: Requested size: 337.2626pt x 252.94695pt on input line
 730.
 [11 <./FlexibleImpulseResponseNoControl.png (PNG copy)> <./FlexibleStepRespons
eNoControl.png (PNG copy)>]
<LabStepResponseNoControl.png, id=690, 562.1pt x 421.575pt>
File: LabStepResponseNoControl.png Graphic file (type png)
<use LabStepResponseNoControl.png>
Package pdftex.def Info: LabStepResponseNoControl.png  used on input line 737. 
on input line 737.
Package pdftex.def Info: Requested size: 337.2626pt x 252.94695pt on input line
 737.

Overfull \hbox (39.98328pt too wide) in paragraph at lines 744--744
[]\OT1/ptm/b/n/17.28 Plot the Bode plot of the un-com-pen-sated sys-tem and roo
t-locus
 []

<BodePlot.png, id=691, 750.805pt x 421.575pt>
File: BodePlot.png Graphic file (type png)
<use BodePlot.png>
Package pdftex.def Info: BodePlot.png  used on input line 750. on input line 75
0.
Package pdftex.def Info: Requested size: 394.65901pt x 221.60036pt on input lin
e 750.
[12 <./LabImpulseResponseNoControl.png (PNG copy)> <./LabStepResponseNoControl.
png (PNG copy)>]
<rLocus.png, id=696, 562.1pt x 421.575pt>
File: rLocus.png Graphic file (type png)
<use rLocus.png>
Package pdftex.def Info: rLocus.png  used on input line 757. on input line 757.

Package pdftex.def Info: Requested size: 394.65901pt x 295.99463pt on input lin
e 757.
<FlexibleBodePlot.png, id=697, 657.45625pt x 405.515pt>
File: FlexibleBodePlot.png Graphic file (type png)
<use FlexibleBodePlot.png>
Package pdftex.def Info: FlexibleBodePlot.png  used on input line 767. on input
 line 767.
Package pdftex.def Info: Requested size: 438.513pt x 270.47466pt on input line 
767.
 [13 <./BodePlot.png (PNG copy)> <./rLocus.png (PNG copy)>]
<FlexiblerLocus.png, id=702, 580.1675pt x 413.545pt>
File: FlexiblerLocus.png Graphic file (type png)
<use FlexiblerLocus.png>
Package pdftex.def Info: FlexiblerLocus.png  used on input line 774. on input l
ine 774.
Package pdftex.def Info: Requested size: 394.65901pt x 281.31413pt on input lin
e 774.

[14 <./FlexibleBodePlot.png (PNG copy)> <./FlexiblerLocus.png (PNG copy)>]
Overfull \hbox (43.38661pt too wide) in paragraph at lines 781--781
[]\OT1/ptm/b/n/17.28 Design a lead-lag con-troller to meet cer-tain de-sign spe
c-i-fi-ca-tion 
 []

<LeadLagController.png, id=710, 1136.245pt x 916.42375pt>
File: LeadLagController.png Graphic file (type png)
<use LeadLagController.png>
Package pdftex.def Info: LeadLagController.png  used on input line 795. on inpu
t line 795.
Package pdftex.def Info: Requested size: 438.513pt x 353.68422pt on input line 
795.
[15 <./LeadLagController.png (PNG copy)>]
<FlexibleLeadLagController.png, id=715, 1927.2pt x 1032.85875pt>
File: FlexibleLeadLagController.png Graphic file (type png)
<use FlexibleLeadLagController.png>
Package pdftex.def Info: FlexibleLeadLagController.png  used on input line 806.
 on input line 806.
Package pdftex.def Info: Requested size: 526.21425pt x 282.01186pt on input lin
e 806.

Overfull \hbox (52.18132pt too wide) in paragraph at lines 805--807
[]  [] 
 []


Overfull \hbox (14.71996pt too wide) in paragraph at lines 813--813
[]\OT1/ptm/b/n/17.28 Step, square wave, and si-nu-soidal re-sponse of com-pen-s
ated
 []

<StepResponseLeadLag.png, id=722, 562.1pt x 421.575pt>
File: StepResponseLeadLag.png Graphic file (type png)
<use StepResponseLeadLag.png>
Package pdftex.def Info: StepResponseLeadLag.png  used on input line 827. on in
put line 827.
Package pdftex.def Info: Requested size: 337.2626pt x 252.94695pt on input line
 827.
<CubicResponseLeadLag.png, id=723, 562.1pt x 421.575pt>
File: CubicResponseLeadLag.png Graphic file (type png)
<use CubicResponseLeadLag.png>
Package pdftex.def Info: CubicResponseLeadLag.png  used on input line 834. on i
nput line 834.
Package pdftex.def Info: Requested size: 337.2626pt x 252.94695pt on input line
 834.
<SinusoidalResponseLeadLag.png, id=724, 562.1pt x 421.575pt>
File: SinusoidalResponseLeadLag.png Graphic file (type png)
<use SinusoidalResponseLeadLag.png>
Package pdftex.def Info: SinusoidalResponseLeadLag.png  used on input line 841.
 on input line 841.
Package pdftex.def Info: Requested size: 337.2626pt x 252.94695pt on input line
 841.
<FlexibleStepResponseLeadLag.png, id=725, 562.1pt x 421.575pt>
File: FlexibleStepResponseLeadLag.png Graphic file (type png)
<use FlexibleStepResponseLeadLag.png>
Package pdftex.def Info: FlexibleStepResponseLeadLag.png  used on input line 84
9. on input line 849.
Package pdftex.def Info: Requested size: 337.2626pt x 252.94695pt on input line
 849.
<FlexibleCubicResponseLeadLag.png, id=726, 562.1pt x 421.575pt>
File: FlexibleCubicResponseLeadLag.png Graphic file (type png)
<use FlexibleCubicResponseLeadLag.png>
Package pdftex.def Info: FlexibleCubicResponseLeadLag.png  used on input line 8
56. on input line 856.
Package pdftex.def Info: Requested size: 337.2626pt x 252.94695pt on input line
 856.
<FlexibleSinusoidalResponseLeadLag.png, id=727, 562.1pt x 421.575pt>
File: FlexibleSinusoidalResponseLeadLag.png Graphic file (type png)
<use FlexibleSinusoidalResponseLeadLag.png>
Package pdftex.def Info: FlexibleSinusoidalResponseLeadLag.png  used on input l
ine 863. on input line 863.
Package pdftex.def Info: Requested size: 337.2626pt x 252.94695pt on input line
 863.
[16 <./FlexibleLeadLagController.png (PNG copy)>] [17 <./StepResponseLeadLag.pn
g (PNG copy)> <./CubicResponseLeadLag.png (PNG copy)>] [18 <./SinusoidalRespons
eLeadLag.png (PNG copy)> <./FlexibleStepResponseLeadLag.png (PNG copy)>]
[19 <./FlexibleCubicResponseLeadLag.png (PNG copy)> <./FlexibleSinusoidalRespon
seLeadLag.png (PNG copy)>]
<LabStepResponseLeadLag.png, id=747, 562.1pt x 421.575pt>
File: LabStepResponseLeadLag.png Graphic file (type png)
<use LabStepResponseLeadLag.png>
Package pdftex.def Info: LabStepResponseLeadLag.png  used on input line 877. on
 input line 877.
Package pdftex.def Info: Requested size: 337.2626pt x 252.94695pt on input line
 877.
<LabCubicResponseLeadLag.png, id=748, 562.1pt x 421.575pt>
File: LabCubicResponseLeadLag.png Graphic file (type png)
<use LabCubicResponseLeadLag.png>
Package pdftex.def Info: LabCubicResponseLeadLag.png  used on input line 884. o
n input line 884.
Package pdftex.def Info: Requested size: 337.2626pt x 252.94695pt on input line
 884.
<LabSinusoidalResponseLeadLag.png, id=749, 562.1pt x 421.575pt>
File: LabSinusoidalResponseLeadLag.png Graphic file (type png)
<use LabSinusoidalResponseLeadLag.png>
Package pdftex.def Info: LabSinusoidalResponseLeadLag.png  used on input line 8
91. on input line 891.
Package pdftex.def Info: Requested size: 337.2626pt x 252.94695pt on input line
 891.
<LabStepResponseLeadLagDisturbance.png, id=751, 562.1pt x 421.575pt>
File: LabStepResponseLeadLagDisturbance.png Graphic file (type png)
<use LabStepResponseLeadLagDisturbance.png>
Package pdftex.def Info: LabStepResponseLeadLagDisturbance.png  used on input l
ine 905. on input line 905.
Package pdftex.def Info: Requested size: 337.2626pt x 252.94695pt on input line
 905.
 [20 <./LabStepResponseLeadLag.png (PNG copy)> <./LabCubicResponseLeadLag.png (
PNG copy)>]
<LabCubicResponseLeadLagDisturbance.png, id=758, 1124.2pt x 843.15pt>
File: LabCubicResponseLeadLagDisturbance.png Graphic file (type png)
<use LabCubicResponseLeadLagDisturbance.png>
Package pdftex.def Info: LabCubicResponseLeadLagDisturbance.png  used on input 
line 914. on input line 914.
Package pdftex.def Info: Requested size: 337.2626pt x 252.94695pt on input line
 914.
 [21 <./LabSinusoidalResponseLeadLag.png (PNG copy)> <./LabStepResponseLeadLagD
isturbance.png (PNG copy)>]
<LabSinusoidalResponseLeadLagDisturbance.png, id=764, 1124.2pt x 843.15pt>
File: LabSinusoidalResponseLeadLagDisturbance.png Graphic file (type png)
<use LabSinusoidalResponseLeadLagDisturbance.png>
Package pdftex.def Info: LabSinusoidalResponseLeadLagDisturbance.png  used on i
nput line 924. on input line 924.
Package pdftex.def Info: Requested size: 337.2626pt x 252.94695pt on input line
 924.
 [22 <./LabCubicResponseLeadLagDisturbance.png (PNG copy)> <./LabSinusoidalResp
onseLeadLagDisturbance.png (PNG copy)>]
<StepResponseStateFeedback.png, id=777, 1124.2pt x 843.15pt>
File: StepResponseStateFeedback.png Graphic file (type png)
<use StepResponseStateFeedback.png>
Package pdftex.def Info: StepResponseStateFeedback.png  used on input line 1020
. on input line 1020.
Package pdftex.def Info: Requested size: 337.2626pt x 252.94695pt on input line
 1020.
 [23]
<CubicResponseStateFeedback.png, id=788, 1124.2pt x 843.15pt>
File: CubicResponseStateFeedback.png Graphic file (type png)
<use CubicResponseStateFeedback.png>
Package pdftex.def Info: CubicResponseStateFeedback.png  used on input line 102
8. on input line 1028.
Package pdftex.def Info: Requested size: 337.2626pt x 252.94695pt on input line
 1028.
<SinusoidalResponseStateFeedback.png, id=789, 1124.2pt x 843.15pt>
File: SinusoidalResponseStateFeedback.png Graphic file (type png)
<use SinusoidalResponseStateFeedback.png>
Package pdftex.def Info: SinusoidalResponseStateFeedback.png  used on input lin
e 1036. on input line 1036.
Package pdftex.def Info: Requested size: 337.2626pt x 252.94695pt on input line
 1036.
<FlexibleStepResponseStateFeedback.png, id=790, 1124.2pt x 843.15pt>
File: FlexibleStepResponseStateFeedback.png Graphic file (type png)
<use FlexibleStepResponseStateFeedback.png>
Package pdftex.def Info: FlexibleStepResponseStateFeedback.png  used on input l
ine 1046. on input line 1046.
Package pdftex.def Info: Requested size: 337.2626pt x 252.94695pt on input line
 1046.
<FlexibleCubicResponseStateFeedback.png, id=791, 1124.2pt x 843.15pt>
File: FlexibleCubicResponseStateFeedback.png Graphic file (type png)
<use FlexibleCubicResponseStateFeedback.png>
Package pdftex.def Info: FlexibleCubicResponseStateFeedback.png  used on input 
line 1054. on input line 1054.
Package pdftex.def Info: Requested size: 337.2626pt x 252.94695pt on input line
 1054.
<FlexibleSinusoidalResponseStateFeedback.png, id=792, 1124.2pt x 843.15pt>
File: FlexibleSinusoidalResponseStateFeedback.png Graphic file (type png)
<use FlexibleSinusoidalResponseStateFeedback.png>
Package pdftex.def Info: FlexibleSinusoidalResponseStateFeedback.png  used on i
nput line 1062. on input line 1062.
Package pdftex.def Info: Requested size: 337.2626pt x 252.94695pt on input line
 1062.
 [24 <./StepResponseStateFeedback.png (PNG copy)> <./CubicResponseStateFeedback
.png (PNG copy)>] [25 <./SinusoidalResponseStateFeedback.png (PNG copy)> <./Fle
xibleStepResponseStateFeedback.png (PNG copy)>]
[26 <./FlexibleCubicResponseStateFeedback.png (PNG copy)> <./FlexibleSinusoidal
ResponseStateFeedback.png (PNG copy)>]
<LabStepResponseStateFeedback.png, id=809, 1124.2pt x 843.15pt>
File: LabStepResponseStateFeedback.png Graphic file (type png)
<use LabStepResponseStateFeedback.png>
Package pdftex.def Info: LabStepResponseStateFeedback.png  used on input line 1
077. on input line 1077.
Package pdftex.def Info: Requested size: 337.2626pt x 252.94695pt on input line
 1077.
<LabStepResponseStateFeedback4thOrder.png, id=810, 1124.2pt x 843.15pt>
File: LabStepResponseStateFeedback4thOrder.png Graphic file (type png)
<use LabStepResponseStateFeedback4thOrder.png>
Package pdftex.def Info: LabStepResponseStateFeedback4thOrder.png  used on inpu
t line 1084. on input line 1084.
Package pdftex.def Info: Requested size: 337.2626pt x 252.94695pt on input line
 1084.
<LabCubicResponseStateFeedback.png, id=811, 1124.2pt x 843.15pt>
File: LabCubicResponseStateFeedback.png Graphic file (type png)
<use LabCubicResponseStateFeedback.png>
Package pdftex.def Info: LabCubicResponseStateFeedback.png  used on input line 
1093. on input line 1093.
Package pdftex.def Info: Requested size: 337.2626pt x 252.94695pt on input line
 1093.
<LabSinusoidalResponseStateFeedback.png, id=812, 1124.2pt x 843.15pt>
File: LabSinusoidalResponseStateFeedback.png Graphic file (type png)
<use LabSinusoidalResponseStateFeedback.png>
Package pdftex.def Info: LabSinusoidalResponseStateFeedback.png  used on input 
line 1101. on input line 1101.
Package pdftex.def Info: Requested size: 337.2626pt x 252.94695pt on input line
 1101.
 [27 <./LabStepResponseStateFeedback.png (PNG copy)>] [28 <./LabStepResponseSta
teFeedback4thOrder.png (PNG copy)> <./LabCubicResponseStateFeedback.png (PNG co
py)>] [29 <./LabSinusoidalResponseStateFeedback.png (PNG copy)>]
<StepResponseFullOrderEst.png, id=831, 1124.2pt x 843.15pt>
File: StepResponseFullOrderEst.png Graphic file (type png)
<use StepResponseFullOrderEst.png>
Package pdftex.def Info: StepResponseFullOrderEst.png  used on input line 1174.
 on input line 1174.
Package pdftex.def Info: Requested size: 337.2626pt x 252.94695pt on input line
 1174.
<SinusoidalResponseFullOrderEst.png, id=832, 1124.2pt x 843.15pt>
File: SinusoidalResponseFullOrderEst.png Graphic file (type png)
<use SinusoidalResponseFullOrderEst.png>
Package pdftex.def Info: SinusoidalResponseFullOrderEst.png  used on input line
 1182. on input line 1182.
Package pdftex.def Info: Requested size: 337.2626pt x 252.94695pt on input line
 1182.
<FlexibleStepResponseFullOrderEst.png, id=833, 1124.2pt x 843.15pt>
File: FlexibleStepResponseFullOrderEst.png Graphic file (type png)
<use FlexibleStepResponseFullOrderEst.png>
Package pdftex.def Info: FlexibleStepResponseFullOrderEst.png  used on input li
ne 1192. on input line 1192.
Package pdftex.def Info: Requested size: 337.2626pt x 252.94695pt on input line
 1192.
<FlexibleSinusoidalResponseFullOrderEst.png, id=834, 1124.2pt x 843.15pt>
File: FlexibleSinusoidalResponseFullOrderEst.png Graphic file (type png)
<use FlexibleSinusoidalResponseFullOrderEst.png>
Package pdftex.def Info: FlexibleSinusoidalResponseFullOrderEst.png  used on in
put line 1200. on input line 1200.
Package pdftex.def Info: Requested size: 337.2626pt x 252.94695pt on input line
 1200.
 [30 <./StepResponseFullOrderEst.png (PNG copy)>]
[31 <./SinusoidalResponseFullOrderEst.png (PNG copy)> <./FlexibleStepResponseFu
llOrderEst.png (PNG copy)>] [32 <./FlexibleSinusoidalResponseFullOrderEst.png (
PNG copy)>]
<StepResponseReduOrderEst.png, id=854, 1124.2pt x 843.15pt>
File: StepResponseReduOrderEst.png Graphic file (type png)
<use StepResponseReduOrderEst.png>
Package pdftex.def Info: StepResponseReduOrderEst.png  used on input line 1258.
 on input line 1258.
Package pdftex.def Info: Requested size: 337.2626pt x 252.94695pt on input line
 1258.
<SinusoidalResponseReduOrderEst.png, id=855, 1124.2pt x 843.15pt>
File: SinusoidalResponseReduOrderEst.png Graphic file (type png)
<use SinusoidalResponseReduOrderEst.png>
Package pdftex.def Info: SinusoidalResponseReduOrderEst.png  used on input line
 1266. on input line 1266.
Package pdftex.def Info: Requested size: 337.2626pt x 252.94695pt on input line
 1266.
<FlexibleStepResponseReduOrderEst.png, id=856, 1124.2pt x 843.15pt>
File: FlexibleStepResponseReduOrderEst.png Graphic file (type png)
<use FlexibleStepResponseReduOrderEst.png>
Package pdftex.def Info: FlexibleStepResponseReduOrderEst.png  used on input li
ne 1276. on input line 1276.
Package pdftex.def Info: Requested size: 337.2626pt x 252.94695pt on input line
 1276.
<FlexibleSinusoidalResponseReduOrderEst.png, id=857, 1124.2pt x 843.15pt>
File: FlexibleSinusoidalResponseReduOrderEst.png Graphic file (type png)
<use FlexibleSinusoidalResponseReduOrderEst.png>
Package pdftex.def Info: FlexibleSinusoidalResponseReduOrderEst.png  used on in
put line 1284. on input line 1284.
Package pdftex.def Info: Requested size: 337.2626pt x 252.94695pt on input line
 1284.
 [33 <./StepResponseReduOrderEst.png (PNG copy)>] [34 <./SinusoidalResponseRedu
OrderEst.png (PNG copy)> <./FlexibleStepResponseReduOrderEst.png (PNG copy)>]
Overfull \hbox (2.72763pt too wide) in paragraph at lines 1293--1293
[]\OT1/ptm/b/n/17.28 Find the trans-fer func-tion of the ob-server and con-trol
ler 
 []

LaTeX Font Info:    Font shape `OT1/ptm/bx/n' in size <10> not available
(Font)              Font shape `OT1/ptm/b/n' tried instead on input line 1309.
LaTeX Font Info:    Font shape `OT1/ptm/bx/n' in size <7.4> not available
(Font)              Font shape `OT1/ptm/b/n' tried instead on input line 1309.
LaTeX Font Info:    Font shape `OT1/ptm/bx/n' in size <6> not available
(Font)              Font shape `OT1/ptm/b/n' tried instead on input line 1309.

Overfull \hbox (5.32594pt too wide) in paragraph at lines 1307--1311
  \OT1/ptm/m/n/12 Mod-ern con-trol the-ory uses time-domain state space rep-re-
sen-ta-tion while Clas-si-cal con-trol
 []

[35 <./FlexibleSinusoidalResponseReduOrderEst.png (PNG copy)>] [36]
LaTeX Font Info:    Font shape `OT1/ptm/bx/n' in size <24.88> not available
(Font)              Font shape `OT1/ptm/b/n' tried instead on input line 1326.
 [1]
Overfull \hbox (8.24553pt too wide) in paragraph at lines 1839--1839
[]\OT1/pcr/m/n/12 %Default frict coeff's -- change if setup-specific measuremen
ts available[] 
 []


Overfull \hbox (57.20537pt too wide) in paragraph at lines 1839--1839
[]\OT1/pcr/m/n/12 khw = 5.81;  %(Hardware gain, assume kg=1, it will be correct
ed below if out = 2)[] 
 []


Overfull \hbox (14.36551pt too wide) in paragraph at lines 1839--1839
[]\OT1/pcr/m/n/12 gr = 6 * npd / npl; %24;  % This is the value we found    % 6
 * npd / npl;[] 
 []


Overfull \hbox (44.96541pt too wide) in paragraph at lines 1839--1839
[]\OT1/pcr/m/n/12 Jdd = 0.0004;         %0.000326; % 0.000400 is given by instr
uctor's suggestion[] 
 []

[2] [3]
Overfull \hbox (51.08539pt too wide) in paragraph at lines 1839--1839
[]        \OT1/pcr/m/n/12 Jr = Jd + Jp * grprime^(-2) + Jl * gr^(-2);  %Reflect
ed inertia at drive[] 
 []


Overfull \hbox (44.96541pt too wide) in paragraph at lines 1839--1839
[]        \OT1/pcr/m/n/12 Jr = Jd * gr^2 + Jp * (gr / grprime)^2 + Jl; %Reflect
ed inertia at load[] 
 []


Overfull \hbox (2.12555pt too wide) in paragraph at lines 1839--1839
[]    \OT1/pcr/m/n/12 Jdstr = Jd + Jp * grprime^(-2); %Pulley inertias combined
 with drive[] 
 []


Overfull \hbox (57.20537pt too wide) in paragraph at lines 1839--1839
[]    \OT1/pcr/m/n/12 D = [Jdstr*Jl (c2*Jdstr+c1*Jl) (k*(Jdstr+Jl/gr^2)+c1*c2) 
(k*(c1+c2/gr^2)) 0];[] 
 []

[4]
Overfull \hbox (63.32535pt too wide) in paragraph at lines 1839--1839
[]\OT1/pcr/m/n/12 [Ac, Bc, Cc, Dc, P1] = canon(Aol, B, C, 0, 'companion'); % Th
is is observable form[] 
 []

[5]
Overfull \hbox (136.7651pt too wide) in paragraph at lines 1839--1839
[]\OT1/pcr/m/n/12 %% 5. Plot the Bode plot of the uncompensated system as well 
as root-locus of open loop system[] 
 []


Overfull \hbox (191.84492pt too wide) in paragraph at lines 1839--1839
[]\OT1/pcr/m/n/12 %% 6. Design a lead-lag or a PID controller to meet certain d
esign specifications (of your own choice).[] 
 []


Overfull \hbox (8.24553pt too wide) in paragraph at lines 1839--1839
[]\OT1/pcr/m/n/12 % Try to include both transient was well as steady state char
acteristics.[] 
 []


Overfull \hbox (51.08539pt too wide) in paragraph at lines 1839--1839
[]\OT1/pcr/m/n/12 % $$t_s \le 2 s $$  --> $\xi \omega \ge 2$ --> $\omega \ge \f
rac{2}{\xi} =2.86$;[] 
 []

[6]
Overfull \hbox (8.24553pt too wide) in paragraph at lines 1839--1839
[]\OT1/pcr/m/n/12 % $e_{ss}$ due to a step input is zero  --> put a 1/s in the 
forward path[] 
 []

[7]
Overfull \hbox (8.24553pt too wide) in paragraph at lines 1839--1839
[]    \OT1/pcr/m/n/12 % requirements of 2nd order system, then move other pole 
far way from[] 
 []

[8]
Overfull \hbox (14.36551pt too wide) in paragraph at lines 1839--1839
[]\OT1/pcr/m/n/12 with arbitrary initial conditions and compare the results wit
h those in 7.[] 
 []

[9]
Overfull \hbox (20.48549pt too wide) in paragraph at lines 1839--1839
[]    \OT1/pcr/m/n/12 % Reduce to 1st order system, with 3\tau < 2 --> \tau = 0
.5 and \xi = 1[] 
 []

[10]
Overfull \hbox (2.12555pt too wide) in paragraph at lines 1839--1839
[]    \OT1/pcr/m/n/12 desiredPoles = 5*[-15 (-2*xi*omega+sqrt((2*xi*omega)^2-4*
omega^2))/2[] 
 []

Package atveryend Info: Empty hook `BeforeClearDocument' on input line 1842.
[11]
Package atveryend Info: Empty hook `AfterLastShipout' on input line 1842.
 (./FinalReport.aux)
Package atveryend Info: Executing hook `AtVeryEndDocument' on input line 1842.
Package atveryend Info: Executing hook `AtEndAfterFileList' on input line 1842.

Package rerunfilecheck Info: File `FinalReport.out' has not changed.
(rerunfilecheck)             Checksum: 29E562E01A6BD07CA7E7E15B7F3ABBCA;3875.


LaTeX Warning: There were multiply-defined labels.

Package atveryend Info: Empty hook `AtVeryVeryEnd' on input line 1842.
 ) 
Here is how much of TeX's memory you used:
 10347 strings out of 492995
 157984 string characters out of 6132704
 259168 words of memory out of 5000000
 13451 multiletter control sequences out of 15000+600000
 64270 words of font info for 138 fonts, out of 8000000 for 9000
 1141 hyphenation exceptions out of 8191
 37i,10n,39p,954b,503s stack positions out of 5000i,500n,10000p,200000b,80000s
pdfTeX warning (dest): name{Hfootnote.3} has been referenced but does not exi
st, replaced by a fixed one

pdfTeX warning (dest): name{Hfootnote.2} has been referenced but does not exist
, replaced by a fixed one

pdfTeX warning (dest): name{Hfootnote.1} has been referenced but does not exist
, replaced by a fixed one

{/usr/local/texlive/2017/texmf-dist/fonts/enc/dvips/base/8r.enc}</usr/local/tex
live/2017/texmf-dist/fonts/type1/public/amsfonts/cm/cmex10.pfb></usr/local/texl
ive/2017/texmf-dist/fonts/type1/public/amsfonts/cm/cmmi10.pfb></usr/local/texli
ve/2017/texmf-dist/fonts/type1/public/amsfonts/cm/cmmi5.pfb></usr/local/texlive
/2017/texmf-dist/fonts/type1/public/amsfonts/cm/cmmi7.pfb></usr/local/texlive/2
017/texmf-dist/fonts/type1/public/amsfonts/cm/cmr10.pfb></usr/local/texlive/201
7/texmf-dist/fonts/type1/public/amsfonts/cm/cmr12.pfb></usr/local/texlive/2017/
texmf-dist/fonts/type1/public/amsfonts/cm/cmr5.pfb></usr/local/texlive/2017/tex
mf-dist/fonts/type1/public/amsfonts/cm/cmr7.pfb></usr/local/texlive/2017/texmf-
dist/fonts/type1/public/amsfonts/cm/cmsy10.pfb></usr/local/texlive/2017/texmf-d
ist/fonts/type1/public/amsfonts/cm/cmsy5.pfb></usr/local/texlive/2017/texmf-dis
t/fonts/type1/public/amsfonts/cm/cmsy7.pfb></usr/local/texlive/2017/texmf-dist/
fonts/type1/public/amsfonts/symbols/msam10.pfb></usr/local/texlive/2017/texmf-d
ist/fonts/type1/public/cm-super/sfrm1440.pfb></usr/local/texlive/2017/texmf-dis
t/fonts/type1/urw/courier/ucrr8a.pfb></usr/local/texlive/2017/texmf-dist/fonts/
type1/urw/symbol/usyr.pfb></usr/local/texlive/2017/texmf-dist/fonts/type1/urw/t
imes/utmb8a.pfb></usr/local/texlive/2017/texmf-dist/fonts/type1/urw/times/utmr8
a.pfb></usr/local/texlive/2017/texmf-dist/fonts/type1/urw/times/utmri8a.pfb>
Output written on FinalReport.pdf (52 pages, 1751478 bytes).
PDF statistics:
 1018 PDF objects out of 1200 (max. 8388607)
 872 compressed objects within 9 object streams
 219 named destinations out of 1000 (max. 500000)
 633 words of extra memory for PDF output out of 10000 (max. 10000000)

